C:\Program Files (x86)\Microsoft Visual Studio\2017\Community\Common7\IDE\VC\VCTargets\Microsoft.CppBuild.targets(391,5): warning MSB8028: The intermediate directory (x64\Debug\) contains files shared from another project (Grids.vcxproj).  This can lead to incorrect clean and rebuild behavior.
  game.cpp
c:\users\mason\documents\visual studio 2017\projects\tyl\tyl\globals.h(9): warning C4244: 'initializing': conversion from 'float' to 'int', possible loss of data
c:\users\mason\documents\visual studio 2017\projects\tyl\tyl\globals.h(9): warning C4244: 'initializing': conversion from 'float' to 'const int', possible loss of data
c:\users\mason\documents\visual studio 2017\projects\tyl\tyl\globals.h(10): warning C4244: 'initializing': conversion from 'float' to 'int', possible loss of data
c:\users\mason\documents\visual studio 2017\projects\tyl\tyl\globals.h(10): warning C4244: 'initializing': conversion from 'float' to 'const int', possible loss of data
c:\users\mason\documents\visual studio 2017\projects\tyl\tyl\globals.h(77): warning C4267: 'initializing': conversion from 'size_t' to 'int', possible loss of data
c:\users\mason\documents\visual studio 2017\projects\tyl\tyl\rectangle.h(31): warning C4244: 'return': conversion from 'float' to 'const int', possible loss of data
c:\users\mason\documents\visual studio 2017\projects\tyl\tyl\game.cpp(104): warning C4244: 'argument': conversion from 'const _Ty' to 'float', possible loss of data
          with
          [
              _Ty=int
          ]
  level.cpp
c:\users\mason\documents\visual studio 2017\projects\tyl\tyl\globals.h(9): warning C4244: 'initializing': conversion from 'float' to 'int', possible loss of data
c:\users\mason\documents\visual studio 2017\projects\tyl\tyl\globals.h(9): warning C4244: 'initializing': conversion from 'float' to 'const int', possible loss of data
c:\users\mason\documents\visual studio 2017\projects\tyl\tyl\globals.h(10): warning C4244: 'initializing': conversion from 'float' to 'int', possible loss of data
c:\users\mason\documents\visual studio 2017\projects\tyl\tyl\globals.h(10): warning C4244: 'initializing': conversion from 'float' to 'const int', possible loss of data
c:\users\mason\documents\visual studio 2017\projects\tyl\tyl\globals.h(77): warning C4267: 'initializing': conversion from 'size_t' to 'int', possible loss of data
c:\users\mason\documents\visual studio 2017\projects\tyl\tyl\level.cpp(94): warning C4267: '=': conversion from 'size_t' to 'int', possible loss of data
c:\users\mason\documents\visual studio 2017\projects\tyl\tyl\level.cpp(96): warning C4267: '=': conversion from 'size_t' to 'int', possible loss of data
c:\users\mason\documents\visual studio 2017\projects\tyl\tyl\level.cpp(108): warning C4244: '=': conversion from 'const _Ty' to 'float', possible loss of data
          with
          [
              _Ty=int
          ]
c:\users\mason\documents\visual studio 2017\projects\tyl\tyl\level.cpp(151): warning C4244: '=': conversion from 'float' to 'int', possible loss of data
c:\users\mason\documents\visual studio 2017\projects\tyl\tyl\level.cpp(152): warning C4244: '=': conversion from 'float' to 'int', possible loss of data
c:\users\mason\documents\visual studio 2017\projects\tyl\tyl\level.cpp(153): warning C4244: '=': conversion from 'float' to 'int', possible loss of data
c:\users\mason\documents\visual studio 2017\projects\tyl\tyl\level.cpp(154): warning C4244: '=': conversion from 'float' to 'int', possible loss of data
c:\users\mason\documents\visual studio 2017\projects\tyl\tyl\level.cpp(157): warning C4244: '=': conversion from 'float' to 'int', possible loss of data
c:\users\mason\documents\visual studio 2017\projects\tyl\tyl\level.cpp(158): warning C4244: '=': conversion from 'float' to 'int', possible loss of data
c:\users\mason\documents\visual studio 2017\projects\tyl\tyl\level.cpp(161): warning C4244: '=': conversion from 'float' to 'int', possible loss of data
c:\users\mason\documents\visual studio 2017\projects\tyl\tyl\level.cpp(167): warning C4244: '=': conversion from 'float' to 'int', possible loss of data
c:\users\mason\documents\visual studio 2017\projects\tyl\tyl\level.cpp(168): warning C4244: '=': conversion from 'float' to 'int', possible loss of data
c:\users\mason\documents\visual studio 2017\projects\tyl\tyl\level.cpp(169): warning C4244: '=': conversion from 'float' to 'int', possible loss of data
c:\users\mason\documents\visual studio 2017\projects\tyl\tyl\level.cpp(170): warning C4244: '=': conversion from 'float' to 'int', possible loss of data
c:\users\mason\documents\visual studio 2017\projects\tyl\tyl\level.cpp(173): warning C4244: '-=': conversion from 'float' to 'int', possible loss of data
c:\users\mason\documents\visual studio 2017\projects\tyl\tyl\level.cpp(174): warning C4244: '=': conversion from 'float' to 'int', possible loss of data
c:\users\mason\documents\visual studio 2017\projects\tyl\tyl\level.cpp(175): warning C4244: '=': conversion from 'float' to 'int', possible loss of data
c:\users\mason\documents\visual studio 2017\projects\tyl\tyl\level.cpp(178): warning C4244: '+=': conversion from 'float' to 'int', possible loss of data
c:\users\mason\documents\visual studio 2017\projects\tyl\tyl\level.cpp(183): warning C4244: 'argument': conversion from 'float' to 'int', possible loss of data
c:\users\mason\documents\visual studio 2017\projects\tyl\tyl\level.cpp(183): warning C4244: 'argument': conversion from 'double' to 'int', possible loss of data
c:\users\mason\documents\visual studio 2017\projects\tyl\tyl\level.cpp(199): warning C4244: 'initializing': conversion from 'float' to 'int', possible loss of data
c:\users\mason\documents\visual studio 2017\projects\tyl\tyl\level.cpp(202): warning C4244: 'initializing': conversion from 'float' to 'int', possible loss of data
c:\users\mason\documents\visual studio 2017\projects\tyl\tyl\level.cpp(222): warning C4244: 'initializing': conversion from 'double' to 'int', possible loss of data
c:\users\mason\documents\visual studio 2017\projects\tyl\tyl\level.cpp(225): warning C4244: 'initializing': conversion from 'float' to 'int', possible loss of data
c:\users\mason\documents\visual studio 2017\projects\tyl\tyl\level.cpp(238): warning C4244: 'argument': conversion from 'float' to 'int', possible loss of data
c:\users\mason\documents\visual studio 2017\projects\tyl\tyl\level.cpp(246): warning C4244: 'argument': conversion from 'double' to 'int', possible loss of data
c:\users\mason\documents\visual studio 2017\projects\tyl\tyl\level.cpp(245): warning C4244: 'argument': conversion from 'float' to 'int', possible loss of data
c:\users\mason\documents\visual studio 2017\projects\tyl\tyl\level.cpp(252): warning C4244: 'argument': conversion from 'double' to 'int', possible loss of data
c:\users\mason\documents\visual studio 2017\projects\tyl\tyl\level.cpp(251): warning C4244: 'argument': conversion from 'float' to 'int', possible loss of data
c:\users\mason\documents\visual studio 2017\projects\tyl\tyl\level.cpp(260): warning C4244: '=': conversion from 'float' to 'int', possible loss of data
c:\users\mason\documents\visual studio 2017\projects\tyl\tyl\level.cpp(261): warning C4244: '=': conversion from 'float' to 'int', possible loss of data
c:\users\mason\documents\visual studio 2017\projects\tyl\tyl\level.cpp(262): warning C4244: '=': conversion from 'float' to 'int', possible loss of data
c:\users\mason\documents\visual studio 2017\projects\tyl\tyl\level.cpp(263): warning C4244: '=': conversion from 'float' to 'int', possible loss of data
c:\users\mason\documents\visual studio 2017\projects\tyl\tyl\level.cpp(266): warning C4244: '-=': conversion from 'float' to 'int', possible loss of data
c:\users\mason\documents\visual studio 2017\projects\tyl\tyl\level.cpp(267): warning C4244: '=': conversion from 'float' to 'int', possible loss of data
c:\users\mason\documents\visual studio 2017\projects\tyl\tyl\level.cpp(268): warning C4244: '=': conversion from 'float' to 'int', possible loss of data
c:\users\mason\documents\visual studio 2017\projects\tyl\tyl\level.cpp(271): warning C4244: '=': conversion from 'float' to 'int', possible loss of data
c:\users\mason\documents\visual studio 2017\projects\tyl\tyl\level.cpp(284): warning C4244: '=': conversion from 'float' to 'int', possible loss of data
c:\users\mason\documents\visual studio 2017\projects\tyl\tyl\level.cpp(285): warning C4244: '=': conversion from 'float' to 'int', possible loss of data
c:\users\mason\documents\visual studio 2017\projects\tyl\tyl\level.cpp(286): warning C4244: '=': conversion from 'float' to 'int', possible loss of data
c:\users\mason\documents\visual studio 2017\projects\tyl\tyl\level.cpp(287): warning C4244: '=': conversion from 'float' to 'int', possible loss of data
c:\users\mason\documents\visual studio 2017\projects\tyl\tyl\level.cpp(290): warning C4244: '=': conversion from 'float' to 'int', possible loss of data
c:\users\mason\documents\visual studio 2017\projects\tyl\tyl\level.cpp(291): warning C4244: '=': conversion from 'float' to 'int', possible loss of data
c:\users\mason\documents\visual studio 2017\projects\tyl\tyl\level.cpp(294): warning C4244: '=': conversion from 'float' to 'int', possible loss of data
c:\users\mason\documents\visual studio 2017\projects\tyl\tyl\level.cpp(300): warning C4244: '=': conversion from 'float' to 'int', possible loss of data
c:\users\mason\documents\visual studio 2017\projects\tyl\tyl\level.cpp(301): warning C4244: '=': conversion from 'float' to 'int', possible loss of data
c:\users\mason\documents\visual studio 2017\projects\tyl\tyl\level.cpp(302): warning C4244: '=': conversion from 'float' to 'int', possible loss of data
c:\users\mason\documents\visual studio 2017\projects\tyl\tyl\level.cpp(303): warning C4244: '=': conversion from 'float' to 'int', possible loss of data
c:\users\mason\documents\visual studio 2017\projects\tyl\tyl\level.cpp(306): warning C4244: '-=': conversion from 'float' to 'int', possible loss of data
c:\users\mason\documents\visual studio 2017\projects\tyl\tyl\level.cpp(307): warning C4244: '=': conversion from 'float' to 'int', possible loss of data
c:\users\mason\documents\visual studio 2017\projects\tyl\tyl\level.cpp(308): warning C4244: '=': conversion from 'float' to 'int', possible loss of data
c:\users\mason\documents\visual studio 2017\projects\tyl\tyl\level.cpp(311): warning C4244: '+=': conversion from 'float' to 'int', possible loss of data
c:\users\mason\documents\visual studio 2017\projects\tyl\tyl\level.cpp(317): warning C4244: '=': conversion from 'double' to 'int', possible loss of data
c:\users\mason\documents\visual studio 2017\projects\tyl\tyl\level.cpp(318): warning C4244: '=': conversion from 'float' to 'int', possible loss of data
c:\users\mason\documents\visual studio 2017\projects\tyl\tyl\level.cpp(319): warning C4244: '=': conversion from 'float' to 'int', possible loss of data
c:\users\mason\documents\visual studio 2017\projects\tyl\tyl\level.cpp(320): warning C4244: '=': conversion from 'float' to 'int', possible loss of data
c:\users\mason\documents\visual studio 2017\projects\tyl\tyl\level.cpp(323): warning C4244: '-=': conversion from 'float' to 'int', possible loss of data
c:\users\mason\documents\visual studio 2017\projects\tyl\tyl\level.cpp(324): warning C4244: '=': conversion from 'float' to 'int', possible loss of data
c:\users\mason\documents\visual studio 2017\projects\tyl\tyl\level.cpp(325): warning C4244: '=': conversion from 'float' to 'int', possible loss of data
c:\users\mason\documents\visual studio 2017\projects\tyl\tyl\level.cpp(328): warning C4244: '=': conversion from 'double' to 'int', possible loss of data
c:\users\mason\documents\visual studio 2017\projects\tyl\tyl\level.cpp(346): warning C4244: 'argument': conversion from 'float' to 'int', possible loss of data
c:\users\mason\documents\visual studio 2017\projects\tyl\tyl\level.cpp(346): warning C4244: 'argument': conversion from 'double' to 'int', possible loss of data
c:\users\mason\documents\visual studio 2017\projects\tyl\tyl\level.cpp(363): warning C4244: 'argument': conversion from 'double' to 'int', possible loss of data
c:\users\mason\documents\visual studio 2017\projects\tyl\tyl\level.cpp(380): warning C4244: 'argument': conversion from 'float' to 'int', possible loss of data
c:\users\mason\documents\visual studio 2017\projects\tyl\tyl\level.cpp(380): warning C4244: 'argument': conversion from 'double' to 'int', possible loss of data
c:\users\mason\documents\visual studio 2017\projects\tyl\tyl\level.cpp(399): warning C4244: 'argument': conversion from 'float' to 'int', possible loss of data
c:\users\mason\documents\visual studio 2017\projects\tyl\tyl\level.cpp(398): warning C4244: 'argument': conversion from 'double' to 'int', possible loss of data
c:\users\mason\documents\visual studio 2017\projects\tyl\tyl\level.cpp(422): warning C4244: '=': conversion from 'float' to 'int', possible loss of data
c:\users\mason\documents\visual studio 2017\projects\tyl\tyl\level.cpp(423): warning C4244: '=': conversion from 'float' to 'int', possible loss of data
c:\users\mason\documents\visual studio 2017\projects\tyl\tyl\level.cpp(426): warning C4244: '+=': conversion from 'float' to 'int', possible loss of data
c:\users\mason\documents\visual studio 2017\projects\tyl\tyl\level.cpp(427): warning C4244: '-=': conversion from 'float' to 'int', possible loss of data
c:\users\mason\documents\visual studio 2017\projects\tyl\tyl\level.cpp(428): warning C4244: '=': conversion from 'float' to 'int', possible loss of data
c:\users\mason\documents\visual studio 2017\projects\tyl\tyl\level.cpp(429): warning C4244: '=': conversion from 'float' to 'int', possible loss of data
c:\users\mason\documents\visual studio 2017\projects\tyl\tyl\level.cpp(434): warning C4244: '+=': conversion from 'float' to 'int', possible loss of data
c:\users\mason\documents\visual studio 2017\projects\tyl\tyl\level.cpp(435): warning C4244: '+=': conversion from 'float' to 'int', possible loss of data
c:\users\mason\documents\visual studio 2017\projects\tyl\tyl\level.cpp(436): warning C4244: '=': conversion from 'float' to 'int', possible loss of data
c:\users\mason\documents\visual studio 2017\projects\tyl\tyl\level.cpp(437): warning C4244: '=': conversion from 'float' to 'int', possible loss of data
c:\users\mason\documents\visual studio 2017\projects\tyl\tyl\level.cpp(440): warning C4244: '-=': conversion from 'float' to 'int', possible loss of data
c:\users\mason\documents\visual studio 2017\projects\tyl\tyl\level.cpp(441): warning C4244: '+=': conversion from 'float' to 'int', possible loss of data
c:\users\mason\documents\visual studio 2017\projects\tyl\tyl\level.cpp(442): warning C4244: '=': conversion from 'float' to 'int', possible loss of data
c:\users\mason\documents\visual studio 2017\projects\tyl\tyl\level.cpp(443): warning C4244: '=': conversion from 'float' to 'int', possible loss of data
c:\users\mason\documents\visual studio 2017\projects\tyl\tyl\level.cpp(449): warning C4244: '+=': conversion from 'float' to 'int', possible loss of data
c:\users\mason\documents\visual studio 2017\projects\tyl\tyl\level.cpp(472): warning C4244: '=': conversion from 'float' to 'int', possible loss of data
c:\users\mason\documents\visual studio 2017\projects\tyl\tyl\level.cpp(473): warning C4244: '=': conversion from 'float' to 'int', possible loss of data
c:\users\mason\documents\visual studio 2017\projects\tyl\tyl\level.cpp(476): warning C4244: '+=': conversion from 'float' to 'int', possible loss of data
c:\users\mason\documents\visual studio 2017\projects\tyl\tyl\level.cpp(477): warning C4244: '-=': conversion from 'float' to 'int', possible loss of data
c:\users\mason\documents\visual studio 2017\projects\tyl\tyl\level.cpp(478): warning C4244: '=': conversion from 'float' to 'int', possible loss of data
c:\users\mason\documents\visual studio 2017\projects\tyl\tyl\level.cpp(479): warning C4244: '=': conversion from 'float' to 'int', possible loss of data
c:\users\mason\documents\visual studio 2017\projects\tyl\tyl\level.cpp(484): warning C4244: '-=': conversion from 'float' to 'int', possible loss of data
c:\users\mason\documents\visual studio 2017\projects\tyl\tyl\level.cpp(485): warning C4244: '+=': conversion from 'float' to 'int', possible loss of data
c:\users\mason\documents\visual studio 2017\projects\tyl\tyl\level.cpp(486): warning C4244: '=': conversion from 'float' to 'int', possible loss of data
c:\users\mason\documents\visual studio 2017\projects\tyl\tyl\level.cpp(487): warning C4244: '=': conversion from 'float' to 'int', possible loss of data
c:\users\mason\documents\visual studio 2017\projects\tyl\tyl\level.cpp(490): warning C4244: '-=': conversion from 'float' to 'int', possible loss of data
c:\users\mason\documents\visual studio 2017\projects\tyl\tyl\level.cpp(491): warning C4244: '+=': conversion from 'float' to 'int', possible loss of data
c:\users\mason\documents\visual studio 2017\projects\tyl\tyl\level.cpp(492): warning C4244: '+=': conversion from 'float' to 'int', possible loss of data
c:\users\mason\documents\visual studio 2017\projects\tyl\tyl\level.cpp(493): warning C4244: '-=': conversion from 'float' to 'int', possible loss of data
c:\users\mason\documents\visual studio 2017\projects\tyl\tyl\level.cpp(496): warning C4244: '-=': conversion from 'float' to 'int', possible loss of data
c:\users\mason\documents\visual studio 2017\projects\tyl\tyl\level.cpp(497): warning C4244: '+=': conversion from 'float' to 'int', possible loss of data
c:\users\mason\documents\visual studio 2017\projects\tyl\tyl\level.cpp(498): warning C4244: '+=': conversion from 'float' to 'int', possible loss of data
c:\users\mason\documents\visual studio 2017\projects\tyl\tyl\level.cpp(499): warning C4244: '-=': conversion from 'float' to 'int', possible loss of data
c:\users\mason\documents\visual studio 2017\projects\tyl\tyl\level.cpp(509): warning C4244: 'argument': conversion from 'float' to 'int', possible loss of data
c:\users\mason\documents\visual studio 2017\projects\tyl\tyl\level.cpp(516): warning C4244: '=': conversion from 'float' to 'int', possible loss of data
c:\users\mason\documents\visual studio 2017\projects\tyl\tyl\level.cpp(517): warning C4244: '=': conversion from 'float' to 'int', possible loss of data
c:\users\mason\documents\visual studio 2017\projects\tyl\tyl\level.cpp(521): warning C4244: '+=': conversion from 'float' to 'int', possible loss of data
c:\users\mason\documents\visual studio 2017\projects\tyl\tyl\level.cpp(527): warning C4244: '=': conversion from 'float' to 'int', possible loss of data
c:\users\mason\documents\visual studio 2017\projects\tyl\tyl\level.cpp(528): warning C4244: '=': conversion from 'float' to 'int', possible loss of data
c:\users\mason\documents\visual studio 2017\projects\tyl\tyl\level.cpp(532): warning C4244: '+=': conversion from 'float' to 'int', possible loss of data
c:\users\mason\documents\visual studio 2017\projects\tyl\tyl\level.cpp(535): warning C4244: 'argument': conversion from 'float' to 'const int', possible loss of data
c:\users\mason\documents\visual studio 2017\projects\tyl\tyl\level.cpp(550): warning C4244: '+=': conversion from 'float' to 'int', possible loss of data
c:\users\mason\documents\visual studio 2017\projects\tyl\tyl\level.cpp(551): warning C4244: '-=': conversion from 'float' to 'int', possible loss of data
c:\users\mason\documents\visual studio 2017\projects\tyl\tyl\level.cpp(555): warning C4244: '+=': conversion from 'float' to 'int', possible loss of data
c:\users\mason\documents\visual studio 2017\projects\tyl\tyl\level.cpp(557): warning C4244: '-=': conversion from 'float' to 'int', possible loss of data
c:\users\mason\documents\visual studio 2017\projects\tyl\tyl\level.cpp(560): warning C4244: '=': conversion from 'float' to 'int', possible loss of data
c:\users\mason\documents\visual studio 2017\projects\tyl\tyl\level.cpp(561): warning C4244: '=': conversion from 'float' to 'int', possible loss of data
c:\users\mason\documents\visual studio 2017\projects\tyl\tyl\level.cpp(562): warning C4244: '=': conversion from 'float' to 'int', possible loss of data
c:\users\mason\documents\visual studio 2017\projects\tyl\tyl\level.cpp(563): warning C4244: '=': conversion from 'float' to 'int', possible loss of data
c:\users\mason\documents\visual studio 2017\projects\tyl\tyl\level.cpp(581): warning C4244: '=': conversion from 'float' to 'int', possible loss of data
c:\users\mason\documents\visual studio 2017\projects\tyl\tyl\level.cpp(582): warning C4244: '=': conversion from 'float' to 'int', possible loss of data
c:\users\mason\documents\visual studio 2017\projects\tyl\tyl\level.cpp(583): warning C4244: '=': conversion from 'float' to 'int', possible loss of data
c:\users\mason\documents\visual studio 2017\projects\tyl\tyl\level.cpp(584): warning C4244: '=': conversion from 'float' to 'int', possible loss of data
c:\users\mason\documents\visual studio 2017\projects\tyl\tyl\level.cpp(742): warning C4267: '=': conversion from 'size_t' to 'int', possible loss of data
c:\users\mason\documents\visual studio 2017\projects\tyl\tyl\level.cpp(748): warning C4267: '=': conversion from 'size_t' to 'int', possible loss of data
  levelpreview.cpp
c:\users\mason\documents\visual studio 2017\projects\tyl\tyl\globals.h(9): warning C4244: 'initializing': conversion from 'float' to 'int', possible loss of data
c:\users\mason\documents\visual studio 2017\projects\tyl\tyl\globals.h(9): warning C4244: 'initializing': conversion from 'float' to 'const int', possible loss of data
c:\users\mason\documents\visual studio 2017\projects\tyl\tyl\globals.h(10): warning C4244: 'initializing': conversion from 'float' to 'int', possible loss of data
c:\users\mason\documents\visual studio 2017\projects\tyl\tyl\globals.h(10): warning C4244: 'initializing': conversion from 'float' to 'const int', possible loss of data
c:\users\mason\documents\visual studio 2017\projects\tyl\tyl\globals.h(77): warning C4267: 'initializing': conversion from 'size_t' to 'int', possible loss of data
c:\users\mason\documents\visual studio 2017\projects\tyl\tyl\level.h(78): error C3646: 'p': unknown override specifier
c:\users\mason\documents\visual studio 2017\projects\tyl\tyl\level.h(78): error C4430: missing type specifier - int assumed. Note: C++ does not support default-int
c:\users\mason\documents\visual studio 2017\projects\tyl\tyl\levelpreview.cpp(77): warning C4244: '=': conversion from 'float' to 'int', possible loss of data
c:\users\mason\documents\visual studio 2017\projects\tyl\tyl\levelpreview.cpp(78): warning C4244: '=': conversion from 'float' to 'int', possible loss of data
c:\users\mason\documents\visual studio 2017\projects\tyl\tyl\levelpreview.cpp(82): warning C4244: '+=': conversion from 'float' to 'int', possible loss of data
c:\users\mason\documents\visual studio 2017\projects\tyl\tyl\levelpreview.cpp(88): warning C4244: '=': conversion from 'float' to 'int', possible loss of data
c:\users\mason\documents\visual studio 2017\projects\tyl\tyl\levelpreview.cpp(89): warning C4244: '=': conversion from 'float' to 'int', possible loss of data
c:\users\mason\documents\visual studio 2017\projects\tyl\tyl\levelpreview.cpp(93): warning C4244: '+=': conversion from 'float' to 'int', possible loss of data
c:\users\mason\documents\visual studio 2017\projects\tyl\tyl\levelpreview.cpp(96): warning C4244: 'argument': conversion from 'float' to 'int', possible loss of data
c:\users\mason\documents\visual studio 2017\projects\tyl\tyl\levelpreview.cpp(113): warning C4244: '=': conversion from 'float' to 'int', possible loss of data
c:\users\mason\documents\visual studio 2017\projects\tyl\tyl\levelpreview.cpp(114): warning C4244: '=': conversion from 'float' to 'int', possible loss of data
c:\users\mason\documents\visual studio 2017\projects\tyl\tyl\levelpreview.cpp(115): warning C4244: '=': conversion from 'float' to 'int', possible loss of data
c:\users\mason\documents\visual studio 2017\projects\tyl\tyl\levelpreview.cpp(116): warning C4244: '=': conversion from 'float' to 'int', possible loss of data
  main.cpp
c:\users\mason\documents\visual studio 2017\projects\tyl\tyl\globals.h(9): warning C4244: 'initializing': conversion from 'float' to 'int', possible loss of data
c:\users\mason\documents\visual studio 2017\projects\tyl\tyl\globals.h(9): warning C4244: 'initializing': conversion from 'float' to 'const int', possible loss of data
c:\users\mason\documents\visual studio 2017\projects\tyl\tyl\globals.h(10): warning C4244: 'initializing': conversion from 'float' to 'int', possible loss of data
c:\users\mason\documents\visual studio 2017\projects\tyl\tyl\globals.h(10): warning C4244: 'initializing': conversion from 'float' to 'const int', possible loss of data
c:\users\mason\documents\visual studio 2017\projects\tyl\tyl\globals.h(77): warning C4267: 'initializing': conversion from 'size_t' to 'int', possible loss of data
c:\users\mason\documents\visual studio 2017\projects\tyl\tyl\rectangle.h(31): warning C4244: 'return': conversion from 'float' to 'const int', possible loss of data
  Generating Code...
